#
# There is insufficient memory for the Java Runtime Environment to continue.
# Native memory allocation (mmap) failed to map 206569472 bytes for committing reserved memory.
# Possible reasons:
#   The system is out of physical RAM or swap space
#   In 32 bit mode, the process size limit was hit
# Possible solutions:
#   Reduce memory load on the system
#   Increase physical memory or swap space
#   Check if swap backing store is full
#   Use 64 bit Java on a 64 bit OS
#   Decrease Java heap size (-Xmx/-Xms)
#   Decrease number of Java threads
#   Decrease Java thread stack sizes (-Xss)
#   Set larger code cache with -XX:ReservedCodeCacheSize=
# This output file may be truncated or incomplete.
#
#  Out of Memory Error (os_linux.cpp:2643), pid=27980, tid=0x00007f8b2fafa700
#
# JRE version: OpenJDK Runtime Environment (8.0_171-b11) (build 1.8.0_171-8u171-b11-0ubuntu0.17.10.1-b11)
# Java VM: OpenJDK 64-Bit Server VM (25.171-b11 mixed mode linux-amd64 compressed oops)
# Failed to write core dump. Core dumps have been disabled. To enable core dumping, try "ulimit -c unlimited" before starting Java again
#

---------------  T H R E A D  ---------------

Current thread (0x00007f8b4c080000):  VMThread [stack: 0x00007f8b2f9fa000,0x00007f8b2fafb000] [id=27991]

Stack: [0x00007f8b2f9fa000,0x00007f8b2fafb000],  sp=0x00007f8b2faf9490,  free space=1021k
Native frames: (J=compiled Java code, j=interpreted, Vv=VM code, C=native code)
V  [libjvm.so+0xaab4b2]
V  [libjvm.so+0x4d7a57]
V  [libjvm.so+0x8e6740]
V  [libjvm.so+0x8e0c9e]
V  [libjvm.so+0x9614b6]
V  [libjvm.so+0x962828]
V  [libjvm.so+0x95ee26]
V  [libjvm.so+0x95f1bc]
V  [libjvm.so+0x90d9f8]
V  [libjvm.so+0xaad172]
V  [libjvm.so+0xab1d56]
V  [libjvm.so+0xaafff5]
V  [libjvm.so+0xab096d]
V  [libjvm.so+0xab0d47]
V  [libjvm.so+0x8e3b92]

VM_Operation (0x00007f8b2dfd5c50): ParallelGCFailedAllocation, mode: safepoint, requested by thread 0x00007f8af4003000


---------------  P R O C E S S  ---------------

Java Threads: ( => current thread )
  0x00007f8af4003000 JavaThread "restartedMain" [_thread_blocked, id=28005, stack(0x00007f8b2ded8000,0x00007f8b2dfd9000)]
  0x00007f8b4c8ac800 JavaThread "Thread-1" [_thread_blocked, id=28004, stack(0x00007f8b2dfd9000,0x00007f8b2e0da000)]
  0x00007f8b4c755000 JavaThread "RMI TCP Accept-0" daemon [_thread_in_native, id=28002, stack(0x00007f8b2e3db000,0x00007f8b2e4dc000)]
  0x00007f8b4c73b000 JavaThread "RMI TCP Accept-43459" daemon [_thread_in_native, id=28001, stack(0x00007f8b2e4dc000,0x00007f8b2e5dd000)]
  0x00007f8b4c724000 JavaThread "RMI TCP Accept-0" daemon [_thread_in_native, id=28000, stack(0x00007f8b2e5dd000,0x00007f8b2e6de000)]
  0x00007f8b4c0d0000 JavaThread "Service Thread" daemon [_thread_blocked, id=27998, stack(0x00007f8b2f017000,0x00007f8b2f118000)]
  0x00007f8b4c0c4800 JavaThread "C1 CompilerThread2" daemon [_thread_blocked, id=27997, stack(0x00007f8b2f118000,0x00007f8b2f219000)]
  0x00007f8b4c0c3000 JavaThread "C2 CompilerThread1" daemon [_thread_blocked, id=27996, stack(0x00007f8b2f219000,0x00007f8b2f31a000)]
  0x00007f8b4c0c0000 JavaThread "C2 CompilerThread0" daemon [_thread_blocked, id=27995, stack(0x00007f8b2f31a000,0x00007f8b2f41b000)]
  0x00007f8b4c0be800 JavaThread "Signal Dispatcher" daemon [_thread_blocked, id=27994, stack(0x00007f8b2f41b000,0x00007f8b2f51c000)]
  0x00007f8b4c08c000 JavaThread "Finalizer" daemon [_thread_blocked, id=27993, stack(0x00007f8b2f7f8000,0x00007f8b2f8f9000)]
  0x00007f8b4c087800 JavaThread "Reference Handler" daemon [_thread_blocked, id=27992, stack(0x00007f8b2f8f9000,0x00007f8b2f9fa000)]
  0x00007f8b4c012800 JavaThread "main" [_thread_blocked, id=27982, stack(0x00007f8b54cce000,0x00007f8b54dcf000)]

Other Threads:
=>0x00007f8b4c080000 VMThread [stack: 0x00007f8b2f9fa000,0x00007f8b2fafb000] [id=27991]
  0x00007f8b4c757800 WatcherThread [stack: 0x00007f8b2e2da000,0x00007f8b2e3db000] [id=28003]

VM state:at safepoint (normal execution)

VM Mutex/Monitor currently owned by a thread:  ([mutex/lock_event])
[0x00007f8b4c00eda0] Threads_lock - owner thread: 0x00007f8b4c080000
[0x00007f8b4c00f2a0] Heap_lock - owner thread: 0x00007f8af4003000

Heap:
 PSYoungGen      total 414720K, used 544K [0x00000000d7000000, 0x00000000f1100000, 0x0000000100000000)
  eden space 402944K, 0% used [0x00000000d7000000,0x00000000d7000000,0x00000000ef980000)
  from space 11776K, 4% used [0x00000000ef980000,0x00000000efa08000,0x00000000f0500000)
  to   space 11264K, 0% used [0x00000000f0500000,0x00000000f0500000,0x00000000f1000000)
 ParOldGen       total 57856K, used 13144K [0x0000000085000000, 0x0000000088880000, 0x00000000d7000000)
  object space 57856K, 22% used [0x0000000085000000,0x0000000085cd60f0,0x0000000088880000)
 Metaspace       used 20915K, capacity 21306K, committed 21504K, reserved 1069056K
  class space    used 2614K, capacity 2755K, committed 2816K, reserved 1048576K

Card table byte_map: [0x00007f8b50ef4000,0x00007f8b512cd000] byte_map_base: 0x00007f8b50acc000

Marking Bits: (ParMarkBitMap*) 0x00007f8b53f74140
 Begin Bits: [0x00007f8b34280000, 0x00007f8b36140000)
 End Bits:   [0x00007f8b36140000, 0x00007f8b38000000)

Polling page: 0x00007f8b54de4000

CodeCache: size=245760Kb used=5196Kb max_used=5196Kb free=240564Kb
 bounds [0x00007f8b3d000000, 0x00007f8b3d520000, 0x00007f8b4c000000]
 total_blobs=2698 nmethods=2320 adapters=292
 compilation: enabled

Compilation events (10 events):
Event: 13.274 Thread 0x00007f8b4c0c4800 2318       1       org.springframework.data.repository.config.DefaultRepositoryConfiguration::getSource (10 bytes)
Event: 13.274 Thread 0x00007f8b4c0c4800 nmethod 2318 0x00007f8b3d512110 code [0x00007f8b3d512280, 0x00007f8b3d5123c8]
Event: 13.274 Thread 0x00007f8b4c0c4800 2319       1       org.springframework.data.repository.config.AnnotationRepositoryConfigurationSource::getNullDefaultedAttribute (22 bytes)
Event: 13.274 Thread 0x00007f8b4c0c4800 nmethod 2319 0x00007f8b3d512450 code [0x00007f8b3d5125c0, 0x00007f8b3d512778]
Event: 14.418 Thread 0x00007f8b4c0c4800 2320       1       java.util.concurrent.ConcurrentHashMap::tableSizeFor (59 bytes)
Event: 14.419 Thread 0x00007f8b4c0c4800 nmethod 2320 0x00007f8b3d512890 code [0x00007f8b3d5129e0, 0x00007f8b3d512b30]
Event: 18.257 Thread 0x00007f8b4c0c4800 2321       1       java.util.regex.Pattern$CharProperty::<init> (5 bytes)
Event: 18.589 Thread 0x00007f8b4c0c4800 nmethod 2321 0x00007f8b3d512b90 code [0x00007f8b3d512ce0, 0x00007f8b3d512e10]
Event: 18.589 Thread 0x00007f8b4c0c4800 2322       1       java.util.regex.Pattern$CharProperty::<init> (5 bytes)
Event: 18.589 Thread 0x00007f8b4c0c4800 nmethod 2322 0x00007f8b3d512e90 code [0x00007f8b3d512fe0, 0x00007f8b3d513110]

GC Heap History (10 events):
Event: 10.290 GC heap after
Heap after GC invocations=7 (full 0):
 PSYoungGen      total 134656K, used 7676K [0x00000000d7000000, 0x00000000e7b00000, 0x0000000100000000)
  eden space 126976K, 0% used [0x00000000d7000000,0x00000000d7000000,0x00000000dec00000)
  from space 7680K, 99% used [0x00000000dec00000,0x00000000df37f298,0x00000000df380000)
  to   space 9728K, 0% used [0x00000000e7180000,0x00000000e7180000,0x00000000e7b00000)
 ParOldGen       total 84992K, used 5199K [0x0000000085000000, 0x000000008a300000, 0x00000000d7000000)
  object space 84992K, 6% used [0x0000000085000000,0x0000000085513d50,0x000000008a300000)
 Metaspace       used 19300K, capacity 19620K, committed 19968K, reserved 1067008K
  class space    used 2355K, capacity 2458K, committed 2560K, reserved 1048576K
}
Event: 11.127 GC heap before
{Heap before GC invocations=8 (full 0):
 PSYoungGen      total 134656K, used 134652K [0x00000000d7000000, 0x00000000e7b00000, 0x0000000100000000)
  eden space 126976K, 100% used [0x00000000d7000000,0x00000000dec00000,0x00000000dec00000)
  from space 7680K, 99% used [0x00000000dec00000,0x00000000df37f298,0x00000000df380000)
  to   space 9728K, 0% used [0x00000000e7180000,0x00000000e7180000,0x00000000e7b00000)
 ParOldGen       total 84992K, used 5199K [0x0000000085000000, 0x000000008a300000, 0x00000000d7000000)
  object space 84992K, 6% used [0x0000000085000000,0x0000000085513d50,0x000000008a300000)
 Metaspace       used 20636K, capacity 21006K, committed 21120K, reserved 1067008K
  class space    used 2562K, capacity 2657K, committed 2688K, reserved 1048576K
Event: 11.140 GC heap after
Heap after GC invocations=8 (full 0):
 PSYoungGen      total 261632K, used 9704K [0x00000000d7000000, 0x00000000e7f00000, 0x0000000100000000)
  eden space 251904K, 0% used [0x00000000d7000000,0x00000000d7000000,0x00000000e6600000)
  from space 9728K, 99% used [0x00000000e7180000,0x00000000e7afa2b8,0x00000000e7b00000)
  to   space 11776K, 0% used [0x00000000e6600000,0x00000000e6600000,0x00000000e7180000)
 ParOldGen       total 84992K, used 7378K [0x0000000085000000, 0x000000008a300000, 0x00000000d7000000)
  object space 84992K, 8% used [0x0000000085000000,0x0000000085734868,0x000000008a300000)
 Metaspace       used 20636K, capacity 21006K, committed 21120K, reserved 1067008K
  class space    used 2562K, capacity 2657K, committed 2688K, reserved 1048576K
}
Event: 11.912 GC heap before
{Heap before GC invocations=9 (full 0):
 PSYoungGen      total 261632K, used 261608K [0x00000000d7000000, 0x00000000e7f00000, 0x0000000100000000)
  eden space 251904K, 100% used [0x00000000d7000000,0x00000000e6600000,0x00000000e6600000)
  from space 9728K, 99% used [0x00000000e7180000,0x00000000e7afa2b8,0x00000000e7b00000)
  to   space 11776K, 0% used [0x00000000e6600000,0x00000000e6600000,0x00000000e7180000)
 ParOldGen       total 84992K, used 7378K [0x0000000085000000, 0x000000008a300000, 0x00000000d7000000)
  object space 84992K, 8% used [0x0000000085000000,0x0000000085734868,0x000000008a300000)
 Metaspace       used 20726K, capacity 21070K, committed 21248K, reserved 1067008K
  class space    used 2581K, capacity 2721K, committed 2816K, reserved 1048576K
Event: 11.925 GC heap after
Heap after GC invocations=9 (full 0):
 PSYoungGen      total 263680K, used 6912K [0x00000000d7000000, 0x00000000f1000000, 0x0000000100000000)
  eden space 251904K, 0% used [0x00000000d7000000,0x00000000d7000000,0x00000000e6600000)
  from space 11776K, 58% used [0x00000000e6600000,0x00000000e6cc0000,0x00000000e7180000)
  to   space 11264K, 0% used [0x00000000f0500000,0x00000000f0500000,0x00000000f1000000)
 ParOldGen       total 84992K, used 9982K [0x0000000085000000, 0x000000008a300000, 0x00000000d7000000)
  object space 84992K, 11% used [0x0000000085000000,0x00000000859bf818,0x000000008a300000)
 Metaspace       used 20726K, capacity 21070K, committed 21248K, reserved 1067008K
  class space    used 2581K, capacity 2721K, committed 2816K, reserved 1048576K
}
Event: 12.146 GC heap before
{Heap before GC invocations=10 (full 0):
 PSYoungGen      total 263680K, used 95792K [0x00000000d7000000, 0x00000000f1000000, 0x0000000100000000)
  eden space 251904K, 35% used [0x00000000d7000000,0x00000000dc6cc3a0,0x00000000e6600000)
  from space 11776K, 58% used [0x00000000e6600000,0x00000000e6cc0000,0x00000000e7180000)
  to   space 11264K, 0% used [0x00000000f0500000,0x00000000f0500000,0x00000000f1000000)
 ParOldGen       total 84992K, used 9982K [0x0000000085000000, 0x000000008a300000, 0x00000000d7000000)
  object space 84992K, 11% used [0x0000000085000000,0x00000000859bf818,0x000000008a300000)
 Metaspace       used 20749K, capacity 21070K, committed 21248K, reserved 1067008K
  class space    used 2586K, capacity 2721K, committed 2816K, reserved 1048576K
Event: 12.164 GC heap after
Heap after GC invocations=10 (full 0):
 PSYoungGen      total 414208K, used 2208K [0x00000000d7000000, 0x00000000f1100000, 0x0000000100000000)
  eden space 402944K, 0% used [0x00000000d7000000,0x00000000d7000000,0x00000000ef980000)
  from space 11264K, 19% used [0x00000000f0500000,0x00000000f0728000,0x00000000f1000000)
  to   space 11776K, 0% used [0x00000000ef980000,0x00000000ef980000,0x00000000f0500000)
 ParOldGen       total 84992K, used 14273K [0x0000000085000000, 0x000000008a300000, 0x00000000d7000000)
  object space 84992K, 16% used [0x0000000085000000,0x0000000085df0738,0x000000008a300000)
 Metaspace       used 20749K, capacity 21070K, committed 21248K, reserved 1067008K
  class space    used 2586K, capacity 2721K, committed 2816K, reserved 1048576K
}
Event: 12.164 GC heap before
{Heap before GC invocations=11 (full 1):
 PSYoungGen      total 414208K, used 2208K [0x00000000d7000000, 0x00000000f1100000, 0x0000000100000000)
  eden space 402944K, 0% used [0x00000000d7000000,0x00000000d7000000,0x00000000ef980000)
  from space 11264K, 19% used [0x00000000f0500000,0x00000000f0728000,0x00000000f1000000)
  to   space 11776K, 0% used [0x00000000ef980000,0x00000000ef980000,0x00000000f0500000)
 ParOldGen       total 84992K, used 14273K [0x0000000085000000, 0x000000008a300000, 0x00000000d7000000)
  object space 84992K, 16% used [0x0000000085000000,0x0000000085df0738,0x000000008a300000)
 Metaspace       used 20749K, capacity 21070K, committed 21248K, reserved 1067008K
  class space    used 2586K, capacity 2721K, committed 2816K, reserved 1048576K
Event: 12.322 GC heap after
Heap after GC invocations=11 (full 1):
 PSYoungGen      total 414208K, used 0K [0x00000000d7000000, 0x00000000f1100000, 0x0000000100000000)
  eden space 402944K, 0% used [0x00000000d7000000,0x00000000d7000000,0x00000000ef980000)
  from space 11264K, 0% used [0x00000000f0500000,0x00000000f0500000,0x00000000f1000000)
  to   space 11776K, 0% used [0x00000000ef980000,0x00000000ef980000,0x00000000f0500000)
 ParOldGen       total 57856K, used 13136K [0x0000000085000000, 0x0000000088880000, 0x00000000d7000000)
  object space 57856K, 22% used [0x0000000085000000,0x0000000085cd40f0,0x0000000088880000)
 Metaspace       used 20749K, capacity 21070K, committed 21248K, reserved 1067008K
  class space    used 2586K, capacity 2721K, committed 2816K, reserved 1048576K
}
Event: 21.294 GC heap before
{Heap before GC invocations=12 (full 1):
 PSYoungGen      total 414208K, used 402944K [0x00000000d7000000, 0x00000000f1100000, 0x0000000100000000)
  eden space 402944K, 100% used [0x00000000d7000000,0x00000000ef980000,0x00000000ef980000)
  from space 11264K, 0% used [0x00000000f0500000,0x00000000f0500000,0x00000000f1000000)
  to   space 11776K, 0% used [0x00000000ef980000,0x00000000ef980000,0x00000000f0500000)
 ParOldGen       total 57856K, used 13136K [0x0000000085000000, 0x0000000088880000, 0x00000000d7000000)
  object space 57856K, 22% used [0x0000000085000000,0x0000000085cd40f0,0x0000000088880000)
 Metaspace       used 20915K, capacity 21306K, committed 21504K, reserved 1069056K
  class space    used 2614K, capacity 2755K, committed 2816K, reserved 1048576K

Deoptimization events (0 events):
No events

Classes redefined (0 events):
No events

Internal exceptions (10 events):
Event: 9.432 Thread 0x00007f8ae807b000 Exception <a 'java/lang/ArrayIndexOutOfBoundsException'> (0x00000000d97971f0) thrown at [/build/openjdk-8-QGp3nu/openjdk-8-8u171-b11/src/hotspot/src/share/vm/runtime/sharedRuntime.cpp, line 605]
Event: 9.434 Thread 0x00007f8ae807b000 Exception <a 'java/lang/ArrayIndexOutOfBoundsException'> (0x00000000d97b7908) thrown at [/build/openjdk-8-QGp3nu/openjdk-8-8u171-b11/src/hotspot/src/share/vm/runtime/sharedRuntime.cpp, line 605]
Event: 10.160 Thread 0x00007f8af4003000 Exception <a 'java/security/PrivilegedActionException'> (0x00000000dd6c5440) thrown at [/build/openjdk-8-QGp3nu/openjdk-8-8u171-b11/src/hotspot/src/share/vm/prims/jvm.cpp, line 1435]
Event: 10.160 Thread 0x00007f8af4003000 Exception <a 'java/security/PrivilegedActionException'> (0x00000000dd6c5838) thrown at [/build/openjdk-8-QGp3nu/openjdk-8-8u171-b11/src/hotspot/src/share/vm/prims/jvm.cpp, line 1435]
Event: 10.603 Thread 0x00007f8af4003000 Exception <a 'java/lang/ArrayIndexOutOfBoundsException'> (0x00000000db2b8438) thrown at [/build/openjdk-8-QGp3nu/openjdk-8-8u171-b11/src/hotspot/src/share/vm/runtime/sharedRuntime.cpp, line 605]
Event: 10.603 Thread 0x00007f8af4003000 Exception <a 'java/lang/ArrayIndexOutOfBoundsException'> (0x00000000db2b9b28) thrown at [/build/openjdk-8-QGp3nu/openjdk-8-8u171-b11/src/hotspot/src/share/vm/runtime/sharedRuntime.cpp, line 605]
Event: 10.755 Thread 0x00007f8af4003000 Exception <a 'java/lang/ArrayIndexOutOfBoundsException'> (0x00000000dc50bb50) thrown at [/build/openjdk-8-QGp3nu/openjdk-8-8u171-b11/src/hotspot/src/share/vm/runtime/sharedRuntime.cpp, line 605]
Event: 11.006 Thread 0x00007f8af4003000 Exception <a 'java/lang/ArrayIndexOutOfBoundsException'> (0x00000000dd79a210) thrown at [/build/openjdk-8-QGp3nu/openjdk-8-8u171-b11/src/hotspot/src/share/vm/runtime/sharedRuntime.cpp, line 605]
Event: 11.009 Thread 0x00007f8af4003000 Exception <a 'java/lang/ArrayIndexOutOfBoundsException'> (0x00000000dd7f23b8) thrown at [/build/openjdk-8-QGp3nu/openjdk-8-8u171-b11/src/hotspot/src/share/vm/runtime/sharedRuntime.cpp, line 605]
Event: 11.009 Thread 0x00007f8af4003000 Exception <a 'java/lang/ArrayIndexOutOfBoundsException'> (0x00000000dd7f32d8) thrown at [/build/openjdk-8-QGp3nu/openjdk-8-8u171-b11/src/hotspot/src/share/vm/runtime/sharedRuntime.cpp, line 605]

Events (10 events):
Event: 11.451 loading class org/springframework/beans/factory/parsing/BeanComponentDefinition done
Event: 11.452 loading class org/springframework/beans/factory/parsing/ComponentDefinition
Event: 11.452 loading class org/springframework/beans/factory/parsing/ComponentDefinition done
Event: 11.452 Executing VM operation: Deoptimize
Event: 11.452 Executing VM operation: Deoptimize done
Event: 11.912 Executing VM operation: ParallelGCFailedAllocation
Event: 11.925 Executing VM operation: ParallelGCFailedAllocation done
Event: 12.146 Executing VM operation: CollectForMetadataAllocation
Event: 12.322 Executing VM operation: CollectForMetadataAllocation done
Event: 19.694 Executing VM operation: ParallelGCFailedAllocation


Dynamic libraries:
85000000-88880000 rw-p 00000000 00:00 0 
88880000-d7000000 ---p 00000000 00:00 0 
d7000000-f1100000 rw-p 00000000 00:00 0 
fd600000-100000000 ---p 00000000 00:00 0 
100000000-1002c0000 rw-p 00000000 00:00 0 
1002c0000-140000000 ---p 00000000 00:00 0 
563de737d000-563de737e000 r-xp 00000000 08:02 921385                     /usr/lib/jvm/java-8-openjdk-amd64/jre/bin/java
563de757d000-563de757e000 r--p 00000000 08:02 921385                     /usr/lib/jvm/java-8-openjdk-amd64/jre/bin/java
563de757e000-563de757f000 rw-p 00001000 08:02 921385                     /usr/lib/jvm/java-8-openjdk-amd64/jre/bin/java
563de8653000-563de8674000 rw-p 00000000 00:00 0                          [heap]
7f8ae8000000-7f8ae83cf000 rw-p 00000000 00:00 0 
7f8ae83cf000-7f8aec000000 ---p 00000000 00:00 0 
7f8aec000000-7f8aec1a2000 rw-p 00000000 00:00 0 
7f8aec1a2000-7f8af0000000 ---p 00000000 00:00 0 
7f8af0000000-7f8af0021000 rw-p 00000000 00:00 0 
7f8af0021000-7f8af4000000 ---p 00000000 00:00 0 
7f8af4000000-7f8af4021000 rw-p 00000000 00:00 0 
7f8af4021000-7f8af8000000 ---p 00000000 00:00 0 
7f8af8000000-7f8af8021000 rw-p 00000000 00:00 0 
7f8af8021000-7f8afc000000 ---p 00000000 00:00 0 
7f8afc000000-7f8afc021000 rw-p 00000000 00:00 0 
7f8afc021000-7f8b00000000 ---p 00000000 00:00 0 
7f8b00000000-7f8b00021000 rw-p 00000000 00:00 0 
7f8b00021000-7f8b04000000 ---p 00000000 00:00 0 
7f8b04000000-7f8b04021000 rw-p 00000000 00:00 0 
7f8b04021000-7f8b08000000 ---p 00000000 00:00 0 
7f8b08000000-7f8b0804d000 rw-p 00000000 00:00 0 
7f8b0804d000-7f8b0c000000 ---p 00000000 00:00 0 
7f8b0c000000-7f8b0c664000 rw-p 00000000 00:00 0 
7f8b0c664000-7f8b10000000 ---p 00000000 00:00 0 
7f8b10000000-7f8b10021000 rw-p 00000000 00:00 0 
7f8b10021000-7f8b14000000 ---p 00000000 00:00 0 
7f8b14000000-7f8b14021000 rw-p 00000000 00:00 0 
7f8b14021000-7f8b18000000 ---p 00000000 00:00 0 
7f8b18000000-7f8b18021000 rw-p 00000000 00:00 0 
7f8b18021000-7f8b1c000000 ---p 00000000 00:00 0 
7f8b1c000000-7f8b1c021000 rw-p 00000000 00:00 0 
7f8b1c021000-7f8b20000000 ---p 00000000 00:00 0 
7f8b20000000-7f8b20021000 rw-p 00000000 00:00 0 
7f8b20021000-7f8b24000000 ---p 00000000 00:00 0 
7f8b24000000-7f8b24021000 rw-p 00000000 00:00 0 
7f8b24021000-7f8b28000000 ---p 00000000 00:00 0 
7f8b28000000-7f8b28021000 rw-p 00000000 00:00 0 
7f8b28021000-7f8b2c000000 ---p 00000000 00:00 0 
7f8b2d3c4000-7f8b2d404000 rw-p 00000000 00:00 0 
7f8b2d404000-7f8b2d5c4000 ---p 00000000 00:00 0 
7f8b2d5c4000-7f8b2d7c4000 rw-p 00000000 00:00 0 
7f8b2d7c4000-7f8b2d9c4000 rw-p 00000000 00:00 0 
7f8b2d9c4000-7f8b2dbc4000 rw-p 00000000 00:00 0 
7f8b2dbc4000-7f8b2ddc4000 rw-p 00000000 00:00 0 
7f8b2ddc4000-7f8b2ddc7000 ---p 00000000 00:00 0 
7f8b2ddc7000-7f8b2dec5000 rw-p 00000000 00:00 0 
7f8b2dec5000-7f8b2ded8000 r--s 00346000 08:02 921518                     /usr/lib/jvm/java-8-openjdk-amd64/jre/lib/resources.jar
7f8b2ded8000-7f8b2dedb000 ---p 00000000 00:00 0 
7f8b2dedb000-7f8b2dfd9000 rw-p 00000000 00:00 0 
7f8b2dfd9000-7f8b2dfdc000 ---p 00000000 00:00 0 
7f8b2dfdc000-7f8b2e2da000 rw-p 00000000 00:00 0 
7f8b2e2da000-7f8b2e2db000 ---p 00000000 00:00 0 
7f8b2e2db000-7f8b2e3db000 rw-p 00000000 00:00 0 
7f8b2e3db000-7f8b2e3de000 ---p 00000000 00:00 0 
7f8b2e3de000-7f8b2e4dc000 rw-p 00000000 00:00 0 
7f8b2e4dc000-7f8b2e4df000 ---p 00000000 00:00 0 
7f8b2e4df000-7f8b2e5dd000 rw-p 00000000 00:00 0 
7f8b2e5dd000-7f8b2e5e0000 ---p 00000000 00:00 0 
7f8b2e5e0000-7f8b2e6de000 rw-p 00000000 00:00 0 
7f8b2e6de000-7f8b2e6e3000 r--s 0009d000 08:02 921514                     /usr/lib/jvm/java-8-openjdk-amd64/jre/lib/jsse.jar
7f8b2e6e3000-7f8b2e6e4000 r--s 0000f000 08:02 18482454                   /home/ats-12/.m2/repository/org/json/json/20140107/json-20140107.jar
7f8b2e6e4000-7f8b2e6e6000 r--s 00005000 08:02 17827525                   /home/ats-12/.m2/repository/stax/stax-api/1.0.1/stax-api-1.0.1.jar
7f8b2e6e6000-7f8b2e724000 r--s 0025d000 08:02 17827523                   /home/ats-12/.m2/repository/org/apache/xmlbeans/xmlbeans/2.6.0/xmlbeans-2.6.0.jar
7f8b2e724000-7f8b2e7dd000 r--s 004a9000 08:02 17827521                   /home/ats-12/.m2/repository/org/apache/poi/poi-ooxml-schemas/3.13/poi-ooxml-schemas-3.13.jar
7f8b2e7dd000-7f8b2e7eb000 r--s 00109000 08:02 17827515                   /home/ats-12/.m2/repository/org/apache/poi/poi-ooxml/3.13/poi-ooxml-3.13.jar
7f8b2e7eb000-7f8b2e7fb000 r--s 000a8000 08:02 18482452                   /home/ats-12/.m2/repository/org/apache/commons/commons-collections4/4.1/commons-collections4-4.1.jar
7f8b2e7fb000-7f8b2e802000 r--s 0003f000 08:02 18482450                   /home/ats-12/.m2/repository/commons-codec/commons-codec/1.10/commons-codec-1.10.jar
7f8b2e802000-7f8b2e82c000 r--s 0024c000 08:02 18482448                   /home/ats-12/.m2/repository/org/apache/poi/poi/3.15/poi-3.15.jar
7f8b2e82c000-7f8b2e82d000 r--s 00005000 08:02 18482446                   /home/ats-12/.m2/repository/com/googlecode/json-simple/json-simple/1.1.1/json-simple-1.1.1.jar
7f8b2e82d000-7f8b2e82f000 r--s 00004000 08:02 17826736                   /home/ats-12/.m2/repository/com/ganyo/gcm-server/1.0.2/gcm-server-1.0.2.jar
7f8b2e82f000-7f8b2e850000 r--s 000e5000 08:02 18482444                   /home/ats-12/.m2/repository/org/springframework/boot/spring-boot-autoconfigure/1.5.6.RELEASE/spring-boot-autoconfigure-1.5.6.RELEASE.jar
7f8b2e850000-7f8b2e860000 r--s 00095000 08:02 18482442                   /home/ats-12/.m2/repository/org/springframework/boot/spring-boot/1.5.6.RELEASE/spring-boot-1.5.6.RELEASE.jar
7f8b2e860000-7f8b2e866000 r--s 0002f000 08:02 18482440                   /home/ats-12/.m2/repository/org/springframework/boot/spring-boot-devtools/1.5.6.RELEASE/spring-boot-devtools-1.5.6.RELEASE.jar
7f8b2e866000-7f8b2e86a000 r--s 00035000 08:02 18482438                   /home/ats-12/.m2/repository/org/codehaus/jackson/jackson-core-asl/1.9.13/jackson-core-asl-1.9.13.jar
7f8b2e86a000-7f8b2e878000 r--s 000b1000 08:02 18482436                   /home/ats-12/.m2/repository/org/codehaus/jackson/jackson-mapper-asl/1.9.13/jackson-mapper-asl-1.9.13.jar
7f8b2e878000-7f8b2e88f000 r--s 000fc000 08:02 18482432                   /home/ats-12/.m2/repository/org/springframework/spring-core/4.3.10.RELEASE/spring-core-4.3.10.RELEASE.jar
7f8b2e88f000-7f8b2e891000 r--s 00009000 08:02 18482424                   /home/ats-12/.m2/repository/org/hamcrest/hamcrest-core/1.3/hamcrest-core-1.3.jar
7f8b2e891000-7f8b2e899000 r--s 00045000 08:02 18482416                   /home/ats-12/.m2/repository/junit/junit/4.12/junit-4.12.jar
7f8b2e899000-7f8b2e89f000 r--s 00037000 08:02 18482400                   /home/ats-12/.m2/repository/org/apache/tomcat/embed/tomcat-embed-websocket/8.5.16/tomcat-embed-websocket-8.5.16.jar
7f8b2e89f000-7f8b2e8a4000 r--s 00036000 08:02 18482398                   /home/ats-12/.m2/repository/org/apache/tomcat/embed/tomcat-embed-el/8.5.16/tomcat-embed-el-8.5.16.jar
7f8b2e8a4000-7f8b2e8cd000 r--s 002c2000 08:02 18482396                   /home/ats-12/.m2/repository/org/apache/tomcat/embed/tomcat-embed-core/8.5.16/tomcat-embed-core-8.5.16.jar
7f8b2e8cd000-7f8b2e8ce000 r--s 00000000 08:02 18482394                   /home/ats-12/.m2/repository/org/springframework/boot/spring-boot-starter-tomcat/1.5.6.RELEASE/spring-boot-starter-tomcat-1.5.6.RELEASE.jar
7f8b2e8ce000-7f8b2e8d7000 r--s 000eb000 08:02 18482392                   /home/ats-12/.m2/repository/mysql/mysql-connector-java/5.1.43/mysql-connector-java-5.1.43.jar
7f8b2e8d7000-7f8b2e8dc000 r--s 0003c000 08:02 18482390                   /home/ats-12/.m2/repository/org/springframework/spring-expression/4.3.10.RELEASE/spring-expression-4.3.10.RELEASE.jar
7f8b2e8dc000-7f8b2e8ed000 r--s 000cf000 08:02 18482388                   /home/ats-12/.m2/repository/org/springframework/spring-webmvc/4.3.10.RELEASE/spring-webmvc-4.3.10.RELEASE.jar
7f8b2e8ed000-7f8b2e8fe000 r--s 000b8000 08:02 18482386                   /home/ats-12/.m2/repository/org/springframework/spring-web/4.3.10.RELEASE/spring-web-4.3.10.RELEASE.jar
7f8b2e8fe000-7f8b2e900000 r--s 0000e000 08:02 18482384                   /home/ats-12/.m2/repository/com/fasterxml/classmate/1.3.3/classmate-1.3.3.jar
7f8b2e900000-7f8b2e904000 r--s 0000c000 08:02 18482382                   /home/ats-12/.m2/repository/javax/validation/validation-api/1.1.0.Final/validation-api-1.1.0.Final.jar
7f8b2e904000-7f8b2e915000 r--s 000a1000 08:02 18482380                   /home/ats-12/.m2/repository/org/hibernate/hibernate-validator/5.3.5.Final/hibernate-validator-5.3.5.Final.jar
7f8b2e915000-7f8b2e916000 r--s 00000000 08:02 18482378                   /home/ats-12/.m2/repository/org/springframework/boot/spring-boot-starter-web/1.5.6.RELEASE/spring-boot-starter-web-1.5.6.RELEASE.jar
7f8b2e916000-7f8b2e918000 r--s 00002000 08:02 18482376                   /home/ats-12/.m2/repository/org/atteo/evo-inflector/1.2.2/evo-inflector-1.2.2.jar
7f8b2e918000-7f8b2e919000 r--s 00004000 08:02 18482374                   /home/ats-12/.m2/repository/org/springframework/plugin/spring-plugin-core/1.2.0.RELEASE/spring-plugin-core-1.2.0.RELEASE.jar
7f8b2e919000-7f8b2e91e000 r--s 0002d000 08:02 18482372                   /home/ats-12/.m2/repository/org/springframework/hateoas/spring-hateoas/0.23.0.RELEASE/spring-hateoas-0.23.0.RELEASE.jar
7f8b2e91e000-7f8b2e923000 r--s 0001b000 08:02 18482370                   /home/ats-12/.m2/repository/org/springframework/data/spring-data-rest-core/2.6.6.RELEASE/spring-data-rest-core-2.6.6.RELEASE.jar
7f8b2e923000-7f8b2e92a000 r--s 00046000 08:02 18482368                   /home/ats-12/.m2/repository/org/springframework/data/spring-data-rest-webmvc/2.6.6.RELEASE/spring-data-rest-webmvc-2.6.6.RELEASE.jar
7f8b2e92a000-7f8b2e92e000 r--s 00042000 08:02 18482366                   /home/ats-12/.m2/repository/com/fasterxml/jackson/core/jackson-core/2.8.9/jackson-core-2.8.9.jar
7f8b2e92e000-7f8b2e940000 r--s 0011e000 08:02 18482364                   /home/ats-12/.m2/repository/com/fasterxml/jackson/core/jackson-databind/2.8.9/jackson-databind-2.8.9.jar
7f8b2e940000-7f8b2e943000 r--s 0000b000 08:02 18482362                   /home/ats-12/.m2/repository/com/fasterxml/jackson/core/jackson-annotations/2.8.0/jackson-annotations-2.8.0.jar
7f8b2e943000-7f8b2e946000 r--s 0000c000 08:02 18482358                   /home/ats-12/.m2/repository/org/springframework/spring-aspects/4.3.10.RELEASE/spring-aspects-4.3.10.RELEASE.jar
7f8b2e946000-7f8b2e948000 r--s 00003000 08:02 18482356                   /home/ats-12/.m2/repository/org/slf4j/jcl-over-slf4j/1.7.25/jcl-over-slf4j-1.7.25.jar
7f8b2e948000-7f8b2e94a000 r--s 00009000 08:02 18482354                   /home/ats-12/.m2/repository/org/slf4j/slf4j-api/1.7.25/slf4j-api-1.7.25.jar
7f8b2e94a000-7f8b2e958000 r--s 000ad000 08:02 18482352                   /home/ats-12/.m2/repository/org/springframework/spring-beans/4.3.10.RELEASE/spring-beans-4.3.10.RELEASE.jar
7f8b2e958000-7f8b2e960000 r--s 0003a000 08:02 18482350                   /home/ats-12/.m2/repository/org/springframework/spring-tx/4.3.10.RELEASE/spring-tx-4.3.10.RELEASE.jar
7f8b2e960000-7f8b2e979000 r--s 000fe000 08:02 18482348                   /home/ats-12/.m2/repository/org/springframework/spring-context/4.3.10.RELEASE/spring-context-4.3.10.RELEASE.jar
7f8b2e979000-7f8b2e9e2000 r--s 004f3000 08:02 18482322                   /home/ats-12/.m2/repository/org/hibernate/hibernate-core/5.0.12.Final/hibernate-core-5.0.12.Final.jar
7f8b2e9e2000-7f8b2e9f3000 r-xp 00000000 08:02 921475                     /usr/lib/jvm/java-8-openjdk-amd64/jre/lib/amd64/libnio.so
7f8b2e9f3000-7f8b2ebf3000 ---p 00011000 08:02 921475                     /usr/lib/jvm/java-8-openjdk-amd64/jre/lib/amd64/libnio.so
7f8b2ebf3000-7f8b2ebf4000 r--p 00011000 08:02 921475                     /usr/lib/jvm/java-8-openjdk-amd64/jre/lib/amd64/libnio.so
7f8b2ebf4000-7f8b2ebf5000 rw-p 00012000 08:02 921475                     /usr/lib/jvm/java-8-openjdk-amd64/jre/lib/amd64/libnio.so
7f8b2ebf5000-7f8b2ec0b000 r-xp 00000000 08:02 921474                     /usr/lib/jvm/java-8-openjdk-amd64/jre/lib/amd64/libnet.so
7f8b2ec0b000-7f8b2ee0b000 ---p 00016000 08:02 921474                     /usr/lib/jvm/java-8-openjdk-amd64/jre/lib/amd64/libnet.so
7f8b2ee0b000-7f8b2ee0c000 r--p 00016000 08:02 921474                     /usr/lib/jvm/java-8-openjdk-amd64/jre/lib/amd64/libnet.so
7f8b2ee0c000-7f8b2ee0d000 rw-p 00017000 08:02 921474                     /usr/lib/jvm/java-8-openjdk-amd64/jre/lib/amd64/libnet.so
7f8b2ee0d000-7f8b2ee16000 r-xp 00000000 08:02 921472                     /usr/lib/jvm/java-8-openjdk-amd64/jre/lib/amd64/libmanagement.so
7f8b2ee16000-7f8b2f015000 ---p 00009000 08:02 921472                     /usr/lib/jvm/java-8-openjdk-amd64/jre/lib/amd64/libmanagement.so
7f8b2f015000-7f8b2f016000 r--p 00008000 08:02 921472                     /usr/lib/jvm/java-8-openjdk-amd64/jre/lib/amd64/libmanagement.so
7f8b2f016000-7f8b2f017000 rw-p 00009000 08:02 921472                     /usr/lib/jvm/java-8-openjdk-amd64/jre/lib/amd64/libmanagement.so
7f8b2f017000-7f8b2f01a000 ---p 00000000 00:00 0 
7f8b2f01a000-7f8b2f118000 rw-p 00000000 00:00 0 
7f8b2f118000-7f8b2f11b000 ---p 00000000 00:00 0 
7f8b2f11b000-7f8b2f219000 rw-p 00000000 00:00 0 
7f8b2f219000-7f8b2f21c000 ---p 00000000 00:00 0 
7f8b2f21c000-7f8b2f31a000 rw-p 00000000 00:00 0 
7f8b2f31a000-7f8b2f31d000 ---p 00000000 00:00 0 
7f8b2f31d000-7f8b2f41b000 rw-p 00000000 00:00 0 
7f8b2f41b000-7f8b2f41e000 ---p 00000000 00:00 0 
7f8b2f41e000-7f8b2f51c000 rw-p 00000000 00:00 0 
7f8b2f51c000-7f8b2f7f8000 r--p 00000000 08:02 920206                     /usr/lib/locale/locale-archive
7f8b2f7f8000-7f8b2f7fb000 ---p 00000000 00:00 0 
7f8b2f7fb000-7f8b2f8f9000 rw-p 00000000 00:00 0 
7f8b2f8f9000-7f8b2f8fc000 ---p 00000000 00:00 0 
7f8b2f8fc000-7f8b2f9fa000 rw-p 00000000 00:00 0 
7f8b2f9fa000-7f8b2f9fb000 ---p 00000000 00:00 0 
7f8b2f9fb000-7f8b30000000 rw-p 00000000 00:00 0 
7f8b30000000-7f8b30021000 rw-p 00000000 00:00 0 
7f8b30021000-7f8b34000000 ---p 00000000 00:00 0 
7f8b34000000-7f8b34001000 r--s 00000000 08:02 18482360                   /home/ats-12/.m2/repository/org/springframework/boot/spring-boot-starter-data-rest/1.5.6.RELEASE/spring-boot-starter-data-rest-1.5.6.RELEASE.jar
7f8b34001000-7f8b3400b000 r--s 0006b000 08:02 18482346                   /home/ats-12/.m2/repository/org/springframework/spring-orm/4.3.10.RELEASE/spring-orm-4.3.10.RELEASE.jar
7f8b3400b000-7f8b3401d000 r--s 000ad000 08:02 18482344                   /home/ats-12/.m2/repository/org/springframework/data/spring-data-commons/1.13.6.RELEASE/spring-data-commons-1.13.6.RELEASE.jar
7f8b3401d000-7f8b34024000 r--s 00040000 08:02 18482342                   /home/ats-12/.m2/repository/org/springframework/data/spring-data-jpa/1.11.6.RELEASE/spring-data-jpa-1.11.6.RELEASE.jar
7f8b34024000-7f8b34031000 r--s 00089000 08:02 18482338                   /home/ats-12/.m2/repository/org/hibernate/hibernate-entitymanager/5.0.12.Final/hibernate-entitymanager-5.0.12.Final.jar
7f8b34031000-7f8b34034000 r--s 00010000 08:02 18482336                   /home/ats-12/.m2/repository/org/hibernate/common/hibernate-commons-annotations/5.0.1.Final/hibernate-commons-annotations-5.0.1.Final.jar
7f8b34034000-7f8b34039000 r--s 00048000 08:02 18482334                   /home/ats-12/.m2/repository/dom4j/dom4j/1.6.1/dom4j-1.6.1.jar
7f8b34039000-7f8b3403c000 r--s 0002b000 08:02 18482332                   /home/ats-12/.m2/repository/org/jboss/jandex/2.0.0.Final/jandex-2.0.0.Final.jar
7f8b3403c000-7f8b34041000 r--s 00068000 08:02 18482330                   /home/ats-12/.m2/repository/antlr/antlr/2.7.7/antlr-2.7.7.jar
7f8b34041000-7f8b3404b000 r--s 000aa000 08:02 18482328                   /home/ats-12/.m2/repository/org/javassist/javassist/3.21.0-GA/javassist-3.21.0-GA.jar
7f8b3404b000-7f8b34050000 r--s 00017000 08:02 18482326                   /home/ats-12/.m2/repository/org/hibernate/javax/persistence/hibernate-jpa-2.1-api/1.0.0.Final/hibernate-jpa-2.1-api-1.0.0.Final.jar
7f8b34050000-7f8b34053000 r--s 0000e000 08:02 18482324                   /home/ats-12/.m2/repository/org/jboss/logging/jboss-logging/3.3.1.Final/jboss-logging-3.3.1.Final.jar
7f8b34053000-7f8b3405d000 r--s 0005f000 08:02 18482320                   /home/ats-12/.m2/repository/org/springframework/spring-jdbc/4.3.10.RELEASE/spring-jdbc-4.3.10.RELEASE.jar
7f8b3405d000-7f8b34075000 r--s 001bf000 08:02 18482312                   /home/ats-12/.m2/repository/org/aspectj/aspectjweaver/1.8.10/aspectjweaver-1.8.10.jar
7f8b34075000-7f8b3407e000 r--s 00054000 08:02 18482310                   /home/ats-12/.m2/repository/org/springframework/spring-aop/4.3.10.RELEASE/spring-aop-4.3.10.RELEASE.jar
7f8b3407e000-7f8b38000000 rw-p 00000000 00:00 0 
7f8b38000000-7f8b38021000 rw-p 00000000 00:00 0 
7f8b38021000-7f8b3c000000 ---p 00000000 00:00 0 
7f8b3c000000-7f8b3c002000 r--s 00006000 08:02 18482340                   /home/ats-12/.m2/repository/javax/transaction/javax.transaction-api/1.2/javax.transaction-api-1.2.jar
7f8b3c002000-7f8b3c003000 r--s 0000a000 08:02 18482318                   /home/ats-12/.m2/repository/org/apache/tomcat/tomcat-juli/8.5.16/tomcat-juli-8.5.16.jar
7f8b3c003000-7f8b3c006000 r--s 00021000 08:02 18482316                   /home/ats-12/.m2/repository/org/apache/tomcat/tomcat-jdbc/8.5.16/tomcat-jdbc-8.5.16.jar
7f8b3c006000-7f8b3c007000 r--s 00000000 08:02 18482314                   /home/ats-12/.m2/repository/org/springframework/boot/spring-boot-starter-jdbc/1.5.6.RELEASE/spring-boot-starter-jdbc-1.5.6.RELEASE.jar
7f8b3c007000-7f8b3c008000 r--s 00000000 08:02 18482308                   /home/ats-12/.m2/repository/org/springframework/boot/spring-boot-starter-aop/1.5.6.RELEASE/spring-boot-starter-aop-1.5.6.RELEASE.jar
7f8b3c008000-7f8b3c00e000 r--s 0003d000 08:02 18482306                   /home/ats-12/.m2/repository/org/yaml/snakeyaml/1.17/snakeyaml-1.17.jar
7f8b3c00e000-7f8b3c010000 r--s 00004000 08:02 18482304                   /home/ats-12/.m2/repository/org/slf4j/log4j-over-slf4j/1.7.25/log4j-over-slf4j-1.7.25.jar
7f8b3c010000-7f8b3c012000 r--s 00000000 08:02 18482302                   /home/ats-12/.m2/repository/org/slf4j/jul-to-slf4j/1.7.25/jul-to-slf4j-1.7.25.jar
7f8b3c012000-7f8b3c01d000 r--s 0006a000 08:02 18482300                   /home/ats-12/.m2/repository/ch/qos/logback/logback-core/1.1.11/logback-core-1.1.11.jar
7f8b3c01d000-7f8b3c024000 r--s 00045000 08:02 18482298                   /home/ats-12/.m2/repository/ch/qos/logback/logback-classic/1.1.11/logback-classic-1.1.11.jar
7f8b3c024000-7f8b3c025000 r--s 00000000 08:02 18482296                   /home/ats-12/.m2/repository/org/springframework/boot/spring-boot-starter-logging/1.5.6.RELEASE/spring-boot-starter-logging-1.5.6.RELEASE.jar
7f8b3c025000-7f8b3c026000 r--s 00000000 08:02 18482294                   /home/ats-12/.m2/repository/org/springframework/boot/spring-boot-starter/1.5.6.RELEASE/spring-boot-starter-1.5.6.RELEASE.jar
7f8b3c026000-7f8b3c027000 r--s 00000000 08:02 18482292                   /home/ats-12/.m2/repository/org/springframework/boot/spring-boot-starter-data-jpa/1.5.6.RELEASE/spring-boot-starter-data-jpa-1.5.6.RELEASE.jar
7f8b3c027000-7f8b3c02c000 r--s 0002f000 08:02 17826742                   /home/ats-12/.m2/repository/com/google/code/gson/gson/2.3.1/gson-2.3.1.jar
7f8b3c02c000-7f8b3c02d000 r--s 00002000 08:02 17303180                   /home/ats-12/spring-tool-suite-3.9.0.RELEASE-e4.7.0-linux-gtk-x86_64/sts-bundle/pivotal-tc-server-developer-3.2.6.RELEASE/tomcat-8.5.15.C.RELEASE/lib/tomcat-api.jar
7f8b3c02d000-7f8b3c030000 r--s 00025000 08:02 17303170                   /home/ats-12/spring-tool-suite-3.9.0.RELEASE-e4.7.0-linux-gtk-x86_64/sts-bundle/pivotal-tc-server-developer-3.2.6.RELEASE/tomcat-8.5.15.C.RELEASE/lib/jasper-el.jar
7f8b3c030000-7f8b3c078000 r--s 002d9000 08:02 17303176                   /home/ats-12/spring-tool-suite-3.9.0.RELEASE-e4.7.0-linux-gtk-x86_64/sts-bundle/pivotal-tc-server-developer-3.2.6.RELEASE/tomcat-8.5.15.C.RELEASE/lib/security/bcprov-jdk15on-1.54.jar
7f8b3c078000-7f8b3c07c000 r--s 0001c000 08:02 17303177                   /home/ats-12/spring-tool-suite-3.9.0.RELEASE-e4.7.0-linux-gtk-x86_64/sts-bundle/pivotal-tc-server-developer-3.2.6.RELEASE/tomcat-8.5.15.C.RELEASE/lib/security/jasypt-1.9.2.jar
7f8b3c07c000-7f8b3c08d000 r--s 00094000 08:02 17303175                   /home/ats-12/spring-tool-suite-3.9.0.RELEASE-e4.7.0-linux-gtk-x86_64/sts-bundle/pivotal-tc-server-developer-3.2.6.RELEASE/tomcat-8.5.15.C.RELEASE/lib/security/bcpkix-jdk15on-1.54.jar
7f8b3c08d000-7f8b3c091000 r--s 0003a000 08:02 17303182                   /home/ats-12/spring-tool-suite-3.9.0.RELEASE-e4.7.0-linux-gtk-x86_64/sts-bundle/pivotal-tc-server-developer-3.2.6.RELEASE/tomcat-8.5.15.C.RELEASE/lib/tomcat-dbcp.jar
7f8b3c091000-7f8b3c098000 r--s 00089000 08:02 17303171                   /home/ats-12/spring-tool-suite-3.9.0.RELEASE-e4.7.0-linux-gtk-x86_64/sts-bundle/pivotal-tc-server-developer-3.2.6.RELEASE/tomcat-8.5.15.C.RELEASE/lib/jasper.jar
7f8b3c098000-7f8b3c09d000 r--s 0002f000 08:02 17303190                   /home/ats-12/spring-tool-suite-3.9.0.RELEASE-e4.7.0-linux-gtk-x86_64/sts-bundle/pivotal-tc-server-developer-3.2.6.RELEASE/tomcat-8.5.15.C.RELEASE/lib/tomcat-websocket.jar
7f8b3c09d000-7f8b3c09f000 r--s 00003000 08:02 17303162                   /home/ats-12/spring-tool-suite-3.9.0.RELEASE-e4.7.0-linux-gtk-x86_64/sts-bundle/pivotal-tc-server-developer-3.2.6.RELEASE/tomcat-8.5.15.C.RELEASE/lib/annotations-api.jar
7f8b3c09f000-7f8b3c0a2000 r--s 00007000 08:02 17303191                   /home/ats-12/spring-tool-suite-3.9.0.RELEASE-e4.7.0-linux-gtk-x86_64/sts-bundle/pivotal-tc-server-developer-3.2.6.RELEASE/tomcat-8.5.15.C.RELEASE/lib/websocket-api.jar
7f8b3c0a2000-7f8b3c0a4000 r--s 0001b000 08:02 17303164                   /home/ats-12/spring-tool-suite-3.9.0.RELEASE-e4.7.0-linux-gtk-x86_64/sts-bundle/pivotal-tc-server-developer-3.2.6.RELEASE/tomcat-8.5.15.C.RELEASE/lib/catalina-ha.jar
7f8b3c0a4000-7f8b3c0a7000 r--s 00021000 08:02 17303186                   /home/ats-12/spring-tool-suite-3.9.0.RELEASE-e4.7.0-linux-gtk-x86_64/sts-bundle/pivotal-tc-server-developer-3.2.6.RELEASE/tomcat-8.5.15.C.RELEASE/lib/tomcat-jdbc.jar
7f8b3c0a7000-7f8b3c0a9000 r--s 00008000 08:02 17303184                   /home/ats-12/spring-tool-suite-3.9.0.RELEASE-e4.7.0-linux-gtk-x86_64/sts-bundle/pivotal-tc-server-developer-3.2.6.RELEASE/tomcat-8.5.15.C.RELEASE/lib/tomcat-i18n-fr.jar
7f8b3c0a9000-7f8b3c0ac000 r--s 0001a000 08:02 17303179                   /home/ats-12/spring-tool-suite-3.9.0.RELEASE-e4.7.0-linux-gtk-x86_64/sts-bundle/pivotal-tc-server-developer-3.2.6.RELEASE/tomcat-8.5.15.C.RELEASE/lib/tcServer3.jar
7f8b3c0ac000-7f8b3c0af000 r--s 0000d000 08:02 17303173                   /home/ats-12/spring-tool-suite-3.9.0.RELEASE-e4.7.0-linux-gtk-x86_64/sts-bundle/pivotal-tc-server-developer-3.2.6.RELEASE/tomcat-8.5.15.C.RELEASE/lib/jsp-api.jar
7f8b3c0af000-7f8b3c0b1000 r--s 00009000 08:02 17303185                   /home/ats-12/spring-tool-suite-3.9.0.RELEASE-e4.7.0-linux-gtk-x86_64/sts-bundle/pivotal-tc-server-developer-3.2.6.RELEASE/tomcat-8.5.15.C.RELEASE/lib/tomcat-i18n-ja.jar
7f8b3c0b1000-7f8b3c0bd000 r--s 000b3000 08:02 17303181                   /home/ats-12/spring-tool-suite-3.9.0.RELEASE-e4.7.0-linux-gtk-x86_64/sts-bundle/pivotal-tc-server-developer-3.2.6.RELEASE/tomcat-8.5.15.C.RELEASE/lib/tomcat-coyote.jar
7f8b3c0bd000-7f8b3c0d0000 r--s 00244000 08:02 17303168                   /home/ats-12/spring-tool-suite-3.9.0.RELEASE-e4.7.0-linux-gtk-x86_64/sts-bundle/pivotal-tc-server-developer-3.2.6.RELEASE/tomcat-8.5.15.C.RELEASE/lib/ecj-4.6.3.jar
7f8b3c0d0000-7f8b3c0d1000 r--s 0000c000 08:02 17303163                   /home/ats-12/spring-tool-suite-3.9.0.RELEASE-e4.7.0-linux-gtk-x86_64/sts-bundle/pivotal-tc-server-developer-3.2.6.RELEASE/tomcat-8.5.15.C.RELEASE/lib/catalina-ant.jar
7f8b3c0d1000-7f8b3c0e5000 r--s 00175000 08:02 17303167                   /home/ats-12/spring-tool-suite-3.9.0.RELEASE-e4.7.0-linux-gtk-x86_64/sts-bundle/pivotal-tc-server-developer-3.2.6.RELEASE/tomcat-8.5.15.C.RELEASE/lib/catalina.jar
7f8b3c0e5000-7f8b3c0e9000 r--s 0002e000 08:02 17303188                   /home/ats-12/spring-tool-suite-3.9.0.RELEASE-e4.7.0-linux-gtk-x86_64/sts-bundle/pivotal-tc-server-developer-3.2.6.RELEASE/tomcat-8.5.15.C.RELEASE/lib/tomcat-util-scan.jar
7f8b3c0e9000-7f8b3c0ec000 r--s 0000e000 08:02 17303183                   /home/ats-12/spring-tool-suite-3.9.0.RELEASE-e4.7.0-linux-gtk-x86_64/sts-bundle/pivotal-tc-server-developer-3.2.6.RELEASE/tomcat-8.5.15.C.RELEASE/lib/tomcat-i18n-es.jar
7f8b3c0ec000-7f8b3c0ee000 r--s 00007000 08:02 17303187                   /home/ats-12/spring-tool-suite-3.9.0.RELEASE-e4.7.0-linux-gtk-x86_64/sts-bundle/pivotal-tc-server-developer-3.2.6.RELEASE/tomcat-8.5.15.C.RELEASE/lib/tomcat-jni.jar
7f8b3c0ee000-7f8b3c0f0000 r--s 00012000 08:02 17303169                   /home/ats-12/spring-tool-suite-3.9.0.RELEASE-e4.7.0-linux-gtk-x86_64/sts-bundle/pivotal-tc-server-developer-3.2.6.RELEASE/tomcat-8.5.15.C.RELEASE/lib/el-api.jar
7f8b3c0f0000-7f8b3c0f4000 r--s 00038000 08:02 17303178                   /home/ats-12/spring-tool-suite-3.9.0.RELEASE-e4.7.0-linux-gtk-x86_64/sts-bundle/pivotal-tc-server-developer-3.2.6.RELEASE/tomcat-8.5.15.C.RELEASE/lib/servlet-api.jar
7f8b3c0f4000-7f8b3c0f9000 r--s 0003d000 08:02 17303166                   /home/ats-12/spring-tool-suite-3.9.0.RELEASE-e4.7.0-linux-gtk-x86_64/sts-bundle/pivotal-tc-server-developer-3.2.6.RELEASE/tomcat-8.5.15.C.RELEASE/lib/catalina-tribes.jar
7f8b3c0f9000-7f8b3d000000 rw-p 00000000 00:00 0 
7f8b3d000000-7f8b3d520000 rwxp 00000000 00:00 0 
7f8b3d520000-7f8b4c000000 ---p 00000000 00:00 0 
7f8b4c000000-7f8b4cb20000 rw-p 00000000 00:00 0 
7f8b4cb20000-7f8b50000000 ---p 00000000 00:00 0 
7f8b50000000-7f8b50002000 r--s 00011000 08:02 17303165                   /home/ats-12/spring-tool-suite-3.9.0.RELEASE-e4.7.0-linux-gtk-x86_64/sts-bundle/pivotal-tc-server-developer-3.2.6.RELEASE/tomcat-8.5.15.C.RELEASE/lib/catalina-storeconfig.jar
7f8b50002000-7f8b50004000 r--s 00005000 08:02 17303172                   /home/ats-12/spring-tool-suite-3.9.0.RELEASE-e4.7.0-linux-gtk-x86_64/sts-bundle/pivotal-tc-server-developer-3.2.6.RELEASE/tomcat-8.5.15.C.RELEASE/lib/jaspic-api.jar
7f8b50004000-7f8b50007000 r--s 0001e000 08:02 17303189                   /home/ats-12/spring-tool-suite-3.9.0.RELEASE-e4.7.0-linux-gtk-x86_64/sts-bundle/pivotal-tc-server-developer-3.2.6.RELEASE/tomcat-8.5.15.C.RELEASE/lib/tomcat-util.jar
7f8b50007000-7f8b50009000 r--s 0000c000 08:02 17434756                   /home/ats-12/spring-tool-suite-3.9.0.RELEASE-e4.7.0-linux-gtk-x86_64/sts-bundle/sts-3.9.0.RELEASE/plugins/org.hamcrest.core_1.3.0.v201303031735.jar
7f8b50009000-7f8b50011000 r--s 00045000 08:02 17434766                   /home/ats-12/spring-tool-suite-3.9.0.RELEASE-e4.7.0-linux-gtk-x86_64/sts-bundle/sts-3.9.0.RELEASE/plugins/org.junit_4.12.0.v201504281640/junit.jar
7f8b50011000-7f8b50013000 r--s 00007000 08:02 1313435                    /usr/share/java/java-atk-wrapper.jar
7f8b50013000-7f8b5002e000 r--s 001d6000 08:02 921498                     /usr/lib/jvm/java-8-openjdk-amd64/jre/lib/ext/nashorn.jar
7f8b5002e000-7f8b50030000 r--s 00008000 08:02 921499                     /usr/lib/jvm/java-8-openjdk-amd64/jre/lib/ext/sunec.jar
7f8b50030000-7f8b50033000 r--s 0000f000 08:02 921495                     /usr/lib/jvm/java-8-openjdk-amd64/jre/lib/ext/icedtea-sound.jar
7f8b50033000-7f8b5003d000 r--s 00116000 08:02 921497                     /usr/lib/jvm/java-8-openjdk-amd64/jre/lib/ext/localedata.jar
7f8b5003d000-7f8b5003f000 r--s 00001000 08:02 921494                     /usr/lib/jvm/java-8-openjdk-amd64/jre/lib/ext/dnsns.jar
7f8b5003f000-7f8b50243000 rw-p 00000000 00:00 0 
7f8b50243000-7f8b50412000 r--s 03c2f000 08:02 921519                     /usr/lib/jvm/java-8-openjdk-amd64/jre/lib/rt.jar
7f8b50412000-7f8b50860000 rw-p 00000000 00:00 0 
7f8b50860000-7f8b50861000 ---p 00000000 00:00 0 
7f8b50861000-7f8b50961000 rw-p 00000000 00:00 0 
7f8b50961000-7f8b50962000 ---p 00000000 00:00 0 
7f8b50962000-7f8b50a62000 rw-p 00000000 00:00 0 
7f8b50a62000-7f8b50a63000 ---p 00000000 00:00 0 
7f8b50a63000-7f8b50b63000 rw-p 00000000 00:00 0 
7f8b50b63000-7f8b50b64000 ---p 00000000 00:00 0 
7f8b50b64000-7f8b50c81000 rw-p 00000000 00:00 0 
7f8b50c81000-7f8b50ef4000 ---p 00000000 00:00 0 
7f8b50ef4000-7f8b50f11000 rw-p 00000000 00:00 0 
7f8b50f11000-7f8b51184000 ---p 00000000 00:00 0 
7f8b51184000-7f8b51255000 rw-p 00000000 00:00 0 
7f8b51255000-7f8b512cc000 ---p 00000000 00:00 0 
7f8b512cc000-7f8b512e2000 rw-p 00000000 00:00 0 
7f8b512e2000-7f8b5168d000 ---p 00000000 00:00 0 
7f8b5168d000-7f8b51695000 r-xp 00000000 08:02 921482                     /usr/lib/jvm/java-8-openjdk-amd64/jre/lib/amd64/libzip.so
7f8b51695000-7f8b51894000 ---p 00008000 08:02 921482                     /usr/lib/jvm/java-8-openjdk-amd64/jre/lib/amd64/libzip.so
7f8b51894000-7f8b51895000 r--p 00007000 08:02 921482                     /usr/lib/jvm/java-8-openjdk-amd64/jre/lib/amd64/libzip.so
7f8b51895000-7f8b51896000 rw-p 00008000 08:02 921482                     /usr/lib/jvm/java-8-openjdk-amd64/jre/lib/amd64/libzip.so
7f8b51896000-7f8b518a1000 r-xp 00000000 08:02 44040286                   /lib/x86_64-linux-gnu/libnss_files-2.26.so
7f8b518a1000-7f8b51aa0000 ---p 0000b000 08:02 44040286                   /lib/x86_64-linux-gnu/libnss_files-2.26.so
7f8b51aa0000-7f8b51aa1000 r--p 0000a000 08:02 44040286                   /lib/x86_64-linux-gnu/libnss_files-2.26.so
7f8b51aa1000-7f8b51aa2000 rw-p 0000b000 08:02 44040286                   /lib/x86_64-linux-gnu/libnss_files-2.26.so
7f8b51aa2000-7f8b51aa8000 rw-p 00000000 00:00 0 
7f8b51aa8000-7f8b51ab3000 r-xp 00000000 08:02 44040288                   /lib/x86_64-linux-gnu/libnss_nis-2.26.so
7f8b51ab3000-7f8b51cb2000 ---p 0000b000 08:02 44040288                   /lib/x86_64-linux-gnu/libnss_nis-2.26.so
7f8b51cb2000-7f8b51cb3000 r--p 0000a000 08:02 44040288                   /lib/x86_64-linux-gnu/libnss_nis-2.26.so
7f8b51cb3000-7f8b51cb4000 rw-p 0000b000 08:02 44040288                   /lib/x86_64-linux-gnu/libnss_nis-2.26.so
7f8b51cb4000-7f8b51ccb000 r-xp 00000000 08:02 44040283                   /lib/x86_64-linux-gnu/libnsl-2.26.so
7f8b51ccb000-7f8b51eca000 ---p 00017000 08:02 44040283                   /lib/x86_64-linux-gnu/libnsl-2.26.so
7f8b51eca000-7f8b51ecb000 r--p 00016000 08:02 44040283                   /lib/x86_64-linux-gnu/libnsl-2.26.so
7f8b51ecb000-7f8b51ecc000 rw-p 00017000 08:02 44040283                   /lib/x86_64-linux-gnu/libnsl-2.26.so
7f8b51ecc000-7f8b51ece000 rw-p 00000000 00:00 0 
7f8b51ece000-7f8b51ed6000 r-xp 00000000 08:02 44040284                   /lib/x86_64-linux-gnu/libnss_compat-2.26.so
7f8b51ed6000-7f8b520d5000 ---p 00008000 08:02 44040284                   /lib/x86_64-linux-gnu/libnss_compat-2.26.so
7f8b520d5000-7f8b520d6000 r--p 00007000 08:02 44040284                   /lib/x86_64-linux-gnu/libnss_compat-2.26.so
7f8b520d6000-7f8b520d7000 rw-p 00008000 08:02 44040284                   /lib/x86_64-linux-gnu/libnss_compat-2.26.so
7f8b520d7000-7f8b52105000 r-xp 00000000 08:02 921459                     /usr/lib/jvm/java-8-openjdk-amd64/jre/lib/amd64/libjava.so
7f8b52105000-7f8b52304000 ---p 0002e000 08:02 921459                     /usr/lib/jvm/java-8-openjdk-amd64/jre/lib/amd64/libjava.so
7f8b52304000-7f8b52305000 r--p 0002d000 08:02 921459                     /usr/lib/jvm/java-8-openjdk-amd64/jre/lib/amd64/libjava.so
7f8b52305000-7f8b52307000 rw-p 0002e000 08:02 921459                     /usr/lib/jvm/java-8-openjdk-amd64/jre/lib/amd64/libjava.so
7f8b52307000-7f8b52317000 r-xp 00000000 08:02 921481                     /usr/lib/jvm/java-8-openjdk-amd64/jre/lib/amd64/libverify.so
7f8b52317000-7f8b52516000 ---p 00010000 08:02 921481                     /usr/lib/jvm/java-8-openjdk-amd64/jre/lib/amd64/libverify.so
7f8b52516000-7f8b52518000 r--p 0000f000 08:02 921481                     /usr/lib/jvm/java-8-openjdk-amd64/jre/lib/amd64/libverify.so
7f8b52518000-7f8b52519000 rw-p 00011000 08:02 921481                     /usr/lib/jvm/java-8-openjdk-amd64/jre/lib/amd64/libverify.so
7f8b52519000-7f8b52520000 r-xp 00000000 08:02 44044657                   /lib/x86_64-linux-gnu/librt-2.26.so
7f8b52520000-7f8b5271f000 ---p 00007000 08:02 44044657                   /lib/x86_64-linux-gnu/librt-2.26.so
7f8b5271f000-7f8b52720000 r--p 00006000 08:02 44044657                   /lib/x86_64-linux-gnu/librt-2.26.so
7f8b52720000-7f8b52721000 rw-p 00007000 08:02 44044657                   /lib/x86_64-linux-gnu/librt-2.26.so
7f8b52721000-7f8b52737000 r-xp 00000000 08:02 44040198                   /lib/x86_64-linux-gnu/libgcc_s.so.1
7f8b52737000-7f8b52936000 ---p 00016000 08:02 44040198                   /lib/x86_64-linux-gnu/libgcc_s.so.1
7f8b52936000-7f8b52937000 r--p 00015000 08:02 44040198                   /lib/x86_64-linux-gnu/libgcc_s.so.1
7f8b52937000-7f8b52938000 rw-p 00016000 08:02 44040198                   /lib/x86_64-linux-gnu/libgcc_s.so.1
7f8b52938000-7f8b52a8d000 r-xp 00000000 08:02 44040280                   /lib/x86_64-linux-gnu/libm-2.26.so
7f8b52a8d000-7f8b52c8c000 ---p 00155000 08:02 44040280                   /lib/x86_64-linux-gnu/libm-2.26.so
7f8b52c8c000-7f8b52c8d000 r--p 00154000 08:02 44040280                   /lib/x86_64-linux-gnu/libm-2.26.so
7f8b52c8d000-7f8b52c8e000 rw-p 00155000 08:02 44040280                   /lib/x86_64-linux-gnu/libm-2.26.so
7f8b52c8e000-7f8b52e06000 r-xp 00000000 08:02 917690                     /usr/lib/x86_64-linux-gnu/libstdc++.so.6.0.24
7f8b52e06000-7f8b53005000 ---p 00178000 08:02 917690                     /usr/lib/x86_64-linux-gnu/libstdc++.so.6.0.24
7f8b53005000-7f8b5300f000 r--p 00177000 08:02 917690                     /usr/lib/x86_64-linux-gnu/libstdc++.so.6.0.24
7f8b5300f000-7f8b53011000 rw-p 00181000 08:02 917690                     /usr/lib/x86_64-linux-gnu/libstdc++.so.6.0.24
7f8b53011000-7f8b53014000 rw-p 00000000 00:00 0 
7f8b53014000-7f8b53ca5000 r-xp 00000000 08:02 921484                     /usr/lib/jvm/java-8-openjdk-amd64/jre/lib/amd64/server/libjvm.so
7f8b53ca5000-7f8b53ea5000 ---p 00c91000 08:02 921484                     /usr/lib/jvm/java-8-openjdk-amd64/jre/lib/amd64/server/libjvm.so
7f8b53ea5000-7f8b53f38000 r--p 00c91000 08:02 921484                     /usr/lib/jvm/java-8-openjdk-amd64/jre/lib/amd64/server/libjvm.so
7f8b53f38000-7f8b53f60000 rw-p 00d24000 08:02 921484                     /usr/lib/jvm/java-8-openjdk-amd64/jre/lib/amd64/server/libjvm.so
7f8b53f60000-7f8b53f91000 rw-p 00000000 00:00 0 
7f8b53f91000-7f8b53fab000 r-xp 00000000 08:02 44044595                   /lib/x86_64-linux-gnu/libpthread-2.26.so
7f8b53fab000-7f8b541aa000 ---p 0001a000 08:02 44044595                   /lib/x86_64-linux-gnu/libpthread-2.26.so
7f8b541aa000-7f8b541ab000 r--p 00019000 08:02 44044595                   /lib/x86_64-linux-gnu/libpthread-2.26.so
7f8b541ab000-7f8b541ac000 rw-p 0001a000 08:02 44044595                   /lib/x86_64-linux-gnu/libpthread-2.26.so
7f8b541ac000-7f8b541b0000 rw-p 00000000 00:00 0 
7f8b541b0000-7f8b541b3000 r-xp 00000000 08:02 44040279                   /lib/x86_64-linux-gnu/libdl-2.26.so
7f8b541b3000-7f8b543b2000 ---p 00003000 08:02 44040279                   /lib/x86_64-linux-gnu/libdl-2.26.so
7f8b543b2000-7f8b543b3000 r--p 00002000 08:02 44040279                   /lib/x86_64-linux-gnu/libdl-2.26.so
7f8b543b3000-7f8b543b4000 rw-p 00003000 08:02 44040279                   /lib/x86_64-linux-gnu/libdl-2.26.so
7f8b543b4000-7f8b543d0000 r-xp 00000000 08:02 44044879                   /lib/x86_64-linux-gnu/libz.so.1.2.11
7f8b543d0000-7f8b545cf000 ---p 0001c000 08:02 44044879                   /lib/x86_64-linux-gnu/libz.so.1.2.11
7f8b545cf000-7f8b545d0000 r--p 0001b000 08:02 44044879                   /lib/x86_64-linux-gnu/libz.so.1.2.11
7f8b545d0000-7f8b545d1000 rw-p 0001c000 08:02 44044879                   /lib/x86_64-linux-gnu/libz.so.1.2.11
7f8b545d1000-7f8b547a7000 r-xp 00000000 08:02 44040276                   /lib/x86_64-linux-gnu/libc-2.26.so
7f8b547a7000-7f8b549a7000 ---p 001d6000 08:02 44040276                   /lib/x86_64-linux-gnu/libc-2.26.so
7f8b549a7000-7f8b549ab000 r--p 001d6000 08:02 44040276                   /lib/x86_64-linux-gnu/libc-2.26.so
7f8b549ab000-7f8b549ad000 rw-p 001da000 08:02 44040276                   /lib/x86_64-linux-gnu/libc-2.26.so
7f8b549ad000-7f8b549b1000 rw-p 00000000 00:00 0 
7f8b549b1000-7f8b549bf000 r-xp 00000000 08:02 921417                     /usr/lib/jvm/java-8-openjdk-amd64/jre/lib/amd64/jli/libjli.so
7f8b549bf000-7f8b54bbe000 ---p 0000e000 08:02 921417                     /usr/lib/jvm/java-8-openjdk-amd64/jre/lib/amd64/jli/libjli.so
7f8b54bbe000-7f8b54bbf000 r--p 0000d000 08:02 921417                     /usr/lib/jvm/java-8-openjdk-amd64/jre/lib/amd64/jli/libjli.so
7f8b54bbf000-7f8b54bc0000 rw-p 0000e000 08:02 921417                     /usr/lib/jvm/java-8-openjdk-amd64/jre/lib/amd64/jli/libjli.so
7f8b54bc0000-7f8b54be7000 r-xp 00000000 08:02 44040208                   /lib/x86_64-linux-gnu/ld-2.26.so
7f8b54be7000-7f8b54be8000 r--s 00010000 08:02 921502                     /usr/lib/jvm/java-8-openjdk-amd64/jre/lib/ext/zipfs.jar
7f8b54be8000-7f8b54c03000 r--s 00394000 08:02 921493                     /usr/lib/jvm/java-8-openjdk-amd64/jre/lib/ext/cldrdata.jar
7f8b54c03000-7f8b54cce000 rw-p 00000000 00:00 0 
7f8b54cce000-7f8b54cd1000 ---p 00000000 00:00 0 
7f8b54cd1000-7f8b54dd1000 rw-p 00000000 00:00 0 
7f8b54dd1000-7f8b54dd2000 r--s 0000a000 08:02 921496                     /usr/lib/jvm/java-8-openjdk-amd64/jre/lib/ext/jaccess.jar
7f8b54dd2000-7f8b54dd5000 r--s 00038000 08:02 921501                     /usr/lib/jvm/java-8-openjdk-amd64/jre/lib/ext/sunpkcs11.jar
7f8b54dd5000-7f8b54ddb000 r--s 0003b000 08:02 921500                     /usr/lib/jvm/java-8-openjdk-amd64/jre/lib/ext/sunjce_provider.jar
7f8b54ddb000-7f8b54de3000 rw-s 00000000 08:02 32507705                   /tmp/hsperfdata_ats-12/27980
7f8b54de3000-7f8b54de4000 rw-p 00000000 00:00 0 
7f8b54de4000-7f8b54de5000 ---p 00000000 00:00 0 
7f8b54de5000-7f8b54de7000 rw-p 00000000 00:00 0 
7f8b54de7000-7f8b54de8000 r--p 00027000 08:02 44040208                   /lib/x86_64-linux-gnu/ld-2.26.so
7f8b54de8000-7f8b54de9000 rw-p 00028000 08:02 44040208                   /lib/x86_64-linux-gnu/ld-2.26.so
7f8b54de9000-7f8b54dea000 rw-p 00000000 00:00 0 
7ffc1324d000-7ffc13271000 rw-p 00000000 00:00 0                          [stack]
7ffc132a0000-7ffc132a3000 r--p 00000000 00:00 0                          [vvar]
7ffc132a3000-7ffc132a5000 r-xp 00000000 00:00 0                          [vdso]
ffffffffff600000-ffffffffff601000 r-xp 00000000 00:00 0                  [vsyscall]

VM Arguments:
jvm_args: -Dcom.sun.management.jmxremote -Dcom.sun.management.jmxremote.port=43459 -Dcom.sun.management.jmxremote.authenticate=false -Dcom.sun.management.jmxremote.ssl=false -Djava.rmi.server.hostname=localhost -Dspring.liveBeansView.mbeanDomain -Dspring.application.admin.enabled=true -Djava.security.egd=file:/dev/./urandom -Xverify:none -XX:TieredStopAtLevel=1 -Dfile.encoding=UTF-8 
java_command: com.ats.webapi.MonginisWebApiApplication --spring.output.ansi.enabled=always
java_class_path (initial): /usr/lib/jvm/java-8-openjdk-amd64/jre/lib/resources.jar:/usr/lib/jvm/java-8-openjdk-amd64/jre/lib/rt.jar:/usr/lib/jvm/java-8-openjdk-amd64/jre/lib/jsse.jar:/usr/lib/jvm/java-8-openjdk-amd64/jre/lib/jce.jar:/usr/lib/jvm/java-8-openjdk-amd64/jre/lib/charsets.jar:/usr/lib/jvm/java-8-openjdk-amd64/jre/lib/ext/cldrdata.jar:/usr/lib/jvm/java-8-openjdk-amd64/jre/lib/ext/sunjce_provider.jar:/usr/lib/jvm/java-8-openjdk-amd64/jre/lib/ext/sunpkcs11.jar:/usr/lib/jvm/java-8-openjdk-amd64/jre/lib/ext/dnsns.jar:/usr/lib/jvm/java-8-openjdk-amd64/jre/lib/ext/localedata.jar:/usr/lib/jvm/java-8-openjdk-amd64/jre/lib/ext/icedtea-sound.jar:/usr/lib/jvm/java-8-openjdk-amd64/jre/lib/ext/sunec.jar:/usr/lib/jvm/java-8-openjdk-amd64/jre/lib/ext/nashorn.jar:/usr/lib/jvm/java-8-openjdk-amd64/jre/lib/ext/jaccess.jar:/usr/lib/jvm/java-8-openjdk-amd64/jre/lib/ext/zipfs.jar:/usr/lib/jvm/java-8-openjdk-amd64/jre/lib/ext/java-atk-wrapper.jar:/home/ats-12/Music/MonginisPatna/MonginisPatnaWebApi/target/classes:/home/ats-12/spring-tool-suite-3.9.0.RELEASE-e4.7.0-linux-gtk-x86_64/sts-bundle/sts-3.9.0.RELEASE/plugins/org.junit_4.12.0.v201504281640/junit.jar:/home/ats-12/spring-tool-suite-3.9.0.RELEASE-e4.7.0-linux-gtk-x86_64/sts-bundle/sts-3.9.0.RELEASE/plugins/org.hamcrest.core_1.3.0.v201303031735.jar:/home/ats-12/spring-tool-suite-3.9.0.RELEASE-e4.7.0-linux-gtk-x86_64/sts-bundle/pivotal-tc-server-developer-3.2.6.RELEASE/tomcat-8.5.15.C.RELEASE/lib/tomcat-util.jar:/home/ats-12/spring-tool-suite-3.9.0.RELEASE-e4.7.0-linux-gtk-x86_64/sts-bundle/pivotal-tc-server-developer-3.2.6.RELEASE/tomcat-8.5.15.C.RELEASE/lib/jaspic-api.jar:/home/ats-12/spring-tool-suite-3.9.0.RELEASE-e4.7.0-linux-gtk-x86_64/sts-bundle/pivotal-tc-server-developer-3.2.6.RELEASE/tomcat-8.5.15.C.RELEASE/lib/catalina-storeconfig.jar:/home/ats-12/spring-tool-suite-3.9.0.RELEASE-e4.7.0-linux-gtk-x86_64/sts-bundle/pivotal-tc-server-developer-3.2.6.RELEASE/tomcat-8.5.15.C.RELEASE/lib/catalina-tribes.jar:/home/ats-
Launcher Type: SUN_STANDARD

Environment Variables:
PATH=/usr/local/sbin:/usr/local/bin:/usr/sbin:/usr/bin:/sbin:/bin:/usr/games:/usr/local/games:/snap/bin
USERNAME=ats-12
SHELL=/bin/bash
DISPLAY=:0

Signal Handlers:
SIGSEGV: [libjvm.so+0xaabe00], sa_mask[0]=11111111011111111101111111111110, sa_flags=SA_RESTART|SA_SIGINFO
SIGBUS: [libjvm.so+0xaabe00], sa_mask[0]=11111111011111111101111111111110, sa_flags=SA_RESTART|SA_SIGINFO
SIGFPE: [libjvm.so+0x8e1dd0], sa_mask[0]=11111111011111111101111111111110, sa_flags=SA_RESTART|SA_SIGINFO
SIGPIPE: [libjvm.so+0x8e1dd0], sa_mask[0]=11111111011111111101111111111110, sa_flags=SA_RESTART|SA_SIGINFO
SIGXFSZ: [libjvm.so+0x8e1dd0], sa_mask[0]=11111111011111111101111111111110, sa_flags=SA_RESTART|SA_SIGINFO
SIGILL: [libjvm.so+0x8e1dd0], sa_mask[0]=11111111011111111101111111111110, sa_flags=SA_RESTART|SA_SIGINFO
SIGUSR1: SIG_DFL, sa_mask[0]=00000000000000000000000000000000, sa_flags=none
SIGUSR2: [libjvm.so+0x8e1c80], sa_mask[0]=00100000000000000000000000000000, sa_flags=SA_RESTART|SA_SIGINFO
SIGHUP: [libjvm.so+0x8e2130], sa_mask[0]=11111111011111111101111111111110, sa_flags=SA_RESTART|SA_SIGINFO
SIGINT: [libjvm.so+0x8e2130], sa_mask[0]=11111111011111111101111111111110, sa_flags=SA_RESTART|SA_SIGINFO
SIGTERM: [libjvm.so+0x8e2130], sa_mask[0]=11111111011111111101111111111110, sa_flags=SA_RESTART|SA_SIGINFO
SIGQUIT: [libjvm.so+0x8e2130], sa_mask[0]=11111111011111111101111111111110, sa_flags=SA_RESTART|SA_SIGINFO


---------------  S Y S T E M  ---------------

OS:DISTRIB_ID=Ubuntu
DISTRIB_RELEASE=17.10
DISTRIB_CODENAME=artful
DISTRIB_DESCRIPTION="Ubuntu 17.10"

uname:Linux 4.13.0-43-generic #48-Ubuntu SMP Wed May 16 12:18:48 UTC 2018 x86_64
libc:glibc 2.26 NPTL 2.26 
rlimit: STACK 8192k, CORE 0k, NPROC 30508, NOFILE 4096, AS infinity
load average:15.75 5.33 2.45

/proc/meminfo:
MemTotal:        8057460 kB
MemFree:          112472 kB
MemAvailable:      45260 kB
Buffers:            4060 kB
Cached:           342944 kB
SwapCached:        22752 kB
Active:          6723760 kB
Inactive:         879460 kB
Active(anon):    6676412 kB
Inactive(anon):   834780 kB
Active(file):      47348 kB
Inactive(file):    44680 kB
Unevictable:         508 kB
Mlocked:             508 kB
SwapTotal:       2097148 kB
SwapFree:          45372 kB
Dirty:               140 kB
Writeback:          4304 kB
AnonPages:       7235912 kB
Mapped:           229032 kB
Shmem:            255284 kB
Slab:             124856 kB
SReclaimable:      55284 kB
SUnreclaim:        69572 kB
KernelStack:       21456 kB
PageTables:        95016 kB
NFS_Unstable:          0 kB
Bounce:                0 kB
WritebackTmp:          0 kB
CommitLimit:     6125876 kB
Committed_AS:   16399712 kB
VmallocTotal:   34359738367 kB
VmallocUsed:           0 kB
VmallocChunk:          0 kB
HardwareCorrupted:     0 kB
AnonHugePages:         0 kB
ShmemHugePages:        0 kB
ShmemPmdMapped:        0 kB
CmaTotal:              0 kB
CmaFree:               0 kB
HugePages_Total:       0
HugePages_Free:        0
HugePages_Rsvd:        0
HugePages_Surp:        0
Hugepagesize:       2048 kB
DirectMap4k:      277908 kB
DirectMap2M:     7999488 kB
DirectMap1G:           0 kB


CPU:total 4 (initial active 4) (2 cores per cpu, 2 threads per core) family 6 model 78 stepping 3, cmov, cx8, fxsr, mmx, sse, sse2, sse3, ssse3, sse4.1, sse4.2, popcnt, avx, avx2, aes, clmul, erms, 3dnowpref, lzcnt, ht, tsc, tscinvbit, bmi1, bmi2, adx

/proc/cpuinfo:
processor	: 0
vendor_id	: GenuineIntel
cpu family	: 6
model		: 78
model name	: Intel(R) Core(TM) i3-6006U CPU @ 2.00GHz
stepping	: 3
microcode	: 0xc2
cpu MHz		: 583.558
cache size	: 3072 KB
physical id	: 0
siblings	: 4
core id		: 0
cpu cores	: 2
apicid		: 0
initial apicid	: 0
fpu		: yes
fpu_exception	: yes
cpuid level	: 22
wp		: yes
flags		: fpu vme de pse tsc msr pae mce cx8 apic sep mtrr pge mca cmov pat pse36 clflush dts acpi mmx fxsr sse sse2 ss ht tm pbe syscall nx pdpe1gb rdtscp lm constant_tsc art arch_perfmon pebs bts rep_good nopl xtopology nonstop_tsc cpuid aperfmperf tsc_known_freq pni pclmulqdq dtes64 monitor ds_cpl vmx est tm2 ssse3 sdbg fma cx16 xtpr pdcm pcid sse4_1 sse4_2 x2apic movbe popcnt tsc_deadline_timer aes xsave avx f16c rdrand lahf_lm abm 3dnowprefetch cpuid_fault epb invpcid_single pti retpoline intel_pt rsb_ctxsw spec_ctrl tpr_shadow vnmi flexpriority ept vpid fsgsbase tsc_adjust bmi1 avx2 smep bmi2 erms invpcid mpx rdseed adx smap clflushopt xsaveopt xsavec xgetbv1 xsaves dtherm arat pln pts hwp hwp_notify hwp_act_window hwp_epp
bugs		: cpu_meltdown spectre_v1 spectre_v2 spec_store_bypass
bogomips	: 3984.00
clflush size	: 64
cache_alignment	: 64
address sizes	: 39 bits physical, 48 bits virtual
power management:

processor	: 1
vendor_id	: GenuineIntel
cpu family	: 6
model		: 78
model name	: Intel(R) Core(TM) i3-6006U CPU @ 2.00GHz
stepping	: 3
microcode	: 0xc2
cpu MHz		: 597.119
cache size	: 3072 KB
physical id	: 0
siblings	: 4
core id		: 1
cpu cores	: 2
apicid		: 2
initial apicid	: 2
fpu		: yes
fpu_exception	: yes
cpuid level	: 22
wp		: yes
flags		: fpu vme de pse tsc msr pae mce cx8 apic sep mtrr pge mca cmov pat pse36 clflush dts acpi mmx fxsr sse sse2 ss ht tm pbe syscall nx pdpe1gb rdtscp lm constant_tsc art arch_perfmon pebs bts rep_good nopl xtopology nonstop_tsc cpuid aperfmperf tsc_known_freq pni pclmulqdq dtes64 monitor ds_cpl vmx est tm2 ssse3 sdbg fma cx16 xtpr pdcm pcid sse4_1 sse4_2 x2apic movbe popcnt tsc_deadline_timer aes xsave avx f16c rdrand lahf_lm abm 3dnowprefetch cpuid_fault epb invpcid_single pti retpoline intel_pt rsb_ctxsw spec_ctrl tpr_shadow vnmi flexpriority ept vpid fsgsbase tsc_adjust bmi1 avx2 smep bmi2 erms invpcid mpx rdseed adx smap clflushopt xsaveopt xsavec xgetbv1 xsaves dtherm arat pln pts hwp hwp_notify hwp_act_window hwp_epp
bugs		: cpu_meltdown spectre_v1 spectre_v2 spec_store_bypass
bogomips	: 3984.00
clflush size	: 64
cache_alignment	: 64
address sizes	: 39 bits physical, 48 bits virtual
power management:

processor	: 2
vendor_id	: GenuineIntel
cpu family	: 6
model		: 78
model name	: Intel(R) Core(TM) i3-6006U CPU @ 2.00GHz
stepping	: 3
microcode	: 0xc2
cpu MHz		: 588.679
cache size	: 3072 KB
physical id	: 0
siblings	: 4
core id		: 0
cpu cores	: 2
apicid		: 1
initial apicid	: 1
fpu		: yes
fpu_exception	: yes
cpuid level	: 22
wp		: yes
flags		: fpu vme de pse tsc msr pae mce cx8 apic sep mtrr pge mca cmov pat pse36 clflush dts acpi mmx fxsr sse sse2 ss ht tm pbe syscall nx pdpe1gb rdtscp lm constant_tsc art arch_perfmon pebs bts rep_good nopl xtopology nonstop_tsc cpuid aperfmperf tsc_known_freq pni pclmulqdq dtes64 monitor ds_cpl vmx est tm2 ssse3 sdbg fma cx16 xtpr pdcm pcid sse4_1 sse4_2 x2apic movbe popcnt tsc_deadline_timer aes xsave avx f16c rdrand lahf_lm abm 3dnowprefetch cpuid_fault epb invpcid_single pti retpoline intel_pt rsb_ctxsw spec_ctrl tpr_shadow vnmi flexpriority ept vpid fsgsbase tsc_adjust bmi1 avx2 smep bmi2 erms invpcid mpx rdseed adx smap clflushopt xsaveopt xsavec xgetbv1 xsaves dtherm arat pln pts hwp hwp_notify hwp_act_window hwp_epp
bugs		: cpu_meltdown spectre_v1 spectre_v2 spec_store_bypass
bogomips	: 3984.00
clflush size	: 64
cache_alignment	: 64
address sizes	: 39 bits physical, 48 bits virtual
power management:

processor	: 3
vendor_id	: GenuineIntel
cpu family	: 6
model		: 78
model name	: Intel(R) Core(TM) i3-6006U CPU @ 2.00GHz
stepping	: 3
microcode	: 0xc2
cpu MHz		: 592.206
cache size	: 3072 KB
physical id	: 0
siblings	: 4
core id		: 1
cpu cores	: 2
apicid		: 3
initial apicid	: 3
fpu		: yes
fpu_exception	: yes
cpuid level	: 22
wp		: yes
flags		: fpu vme de pse tsc msr pae mce cx8 apic sep mtrr pge mca cmov pat pse36 clflush dts acpi mmx fxsr sse sse2 ss ht tm pbe syscall nx pdpe1gb rdtscp lm constant_tsc art arch_perfmon pebs bts rep_good nopl xtopology nonstop_tsc cpuid aperfmperf tsc_known_freq pni pclmulqdq dtes64 monitor ds_cpl vmx est tm2 ssse3 sdbg fma cx16 xtpr pdcm pcid sse4_1 sse4_2 x2apic movbe popcnt tsc_deadline_timer aes xsave avx f16c rdrand lahf_lm abm 3dnowprefetch cpuid_fault epb invpcid_single pti retpoline intel_pt rsb_ctxsw spec_ctrl tpr_shadow vnmi flexpriority ept vpid fsgsbase tsc_adjust bmi1 avx2 smep bmi2 erms invpcid mpx rdseed adx smap clflushopt xsaveopt xsavec xgetbv1 xsaves dtherm arat pln pts hwp hwp_notify hwp_act_window hwp_epp
bugs		: cpu_meltdown spectre_v1 spectre_v2 spec_store_bypass
bogomips	: 3984.00
clflush size	: 64
cache_alignment	: 64
address sizes	: 39 bits physical, 48 bits virtual
power management:



Memory: 4k page, physical 8057460k(112472k free), swap 2097148k(45372k free)

vm_info: OpenJDK 64-Bit Server VM (25.171-b11) for linux-amd64 JRE (1.8.0_171-8u171-b11-0ubuntu0.17.10.1-b11), built on Apr 26 2018 15:59:34 by "buildd" with gcc 7.2.0

time: Wed Jun  6 14:20:52 2018
elapsed time: 66 seconds (0d 0h 1m 6s)

